<?xml version="1.0" encoding="UTF-8"?>
<!-- Generated by org.testng.reporters.JUnitXMLReporter -->
<testsuite ignored="0" hostname="LAPTOP-FA2GR7UQ" failures="0" tests="2" name="Default test" time="2.046" errors="0" timestamp="2024-02-19T22:23:23 IST">
  <testcase classname="com.seldocker.Test.VendorPortalTest" name="@BeforeTest setPageObject" time="-1.708361603332E9">
    <failure type="org.testng.TestNGException" message="
Parameter &amp;apos;testDataPath&amp;apos; is required by BeforeTest on method setPageObject but has not been marked @Optional or defined
in C:\Users\97rou\AppData\Local\Temp\testng-eclipse-1615284490\testng-customsuite.xml">
      <![CDATA[org.testng.TestNGException: 
Parameter 'testDataPath' is required by BeforeTest on method setPageObject but has not been marked @Optional or defined
in C:\Users\97rou\AppData\Local\Temp\testng-eclipse-1615284490\testng-customsuite.xml
at org.testng.internal.Parameters.createParams(Parameters.java:270)
at org.testng.internal.Parameters.createParametersForMethod(Parameters.java:358)
at org.testng.internal.Parameters.createParameters(Parameters.java:700)
at org.testng.internal.Parameters.createConfigurationParameters(Parameters.java:168)
at org.testng.internal.ConfigInvoker.invokeConfigurations(ConfigInvoker.java:302)
at org.testng.TestRunner.invokeTestConfigurations(TestRunner.java:637)
at org.testng.TestRunner.beforeRun(TestRunner.java:627)
at org.testng.TestRunner.run(TestRunner.java:589)
at org.testng.SuiteRunner.runTest(SuiteRunner.java:377)
at org.testng.SuiteRunner.runSequentially(SuiteRunner.java:371)
at org.testng.SuiteRunner.privateRun(SuiteRunner.java:332)
at org.testng.SuiteRunner.run(SuiteRunner.java:276)
at org.testng.SuiteRunnerWorker.runSuite(SuiteRunnerWorker.java:53)
at org.testng.SuiteRunnerWorker.run(SuiteRunnerWorker.java:96)
at org.testng.TestNG.runSuitesSequentially(TestNG.java:1212)
at org.testng.TestNG.runSuitesLocally(TestNG.java:1134)
at org.testng.TestNG.runSuites(TestNG.java:1063)
at org.testng.TestNG.run(TestNG.java:1031)
at org.testng.remote.AbstractRemoteTestNG.run(AbstractRemoteTestNG.java:115)
at org.testng.remote.RemoteTestNG.initAndRun(RemoteTestNG.java:251)
at org.testng.remote.RemoteTestNG.main(RemoteTestNG.java:77)
]]>
    </failure>
  </testcase> <!-- @BeforeTest setPageObject -->
  <testcase classname="com.seldocker.Test.BaseTest" name="@AfterTest quitDriver" time="-1.708361603384E9">
    <skipped/>
  </testcase> <!-- @AfterTest quitDriver -->
  <testcase classname="com.seldocker.Test.VendorPortalTest" name="loginPage" time="0.0">
    <skipped/>
  </testcase> <!-- loginPage -->
  <testcase classname="com.seldocker.Test.VendorPortalTest" name="dashBoardTest" time="0.0">
    <skipped/>
  </testcase> <!-- dashBoardTest -->
</testsuite> <!-- Default test -->
